# JRE version: OpenJDK Runtime Environment Temurin-21.0.11+10 (21.0.11+10) (build 21.0.11+10-LTS)
# Java VM: OpenJDK 64-Bit Server VM Temurin-21.0.11+10 (21.0.11+10-LTS, mixed mode, sharing, tiered, compressed oops, compressed class ptrs, parallel gc, windows-amd64)
GC Precious Log:
 CardTable entry size: 512
 CPUs: 20 total, 20 available
 Memory: 15991M
 Large Page Support: Disabled
 NUMA Support: Disabled
 Compressed Oops: Enabled (Zero based)
 Alignments: Space 512K, Generation 512K, Heap 2M
 Heap Min Capacity: 100M
 Heap Initial Capacity: 100M
 Heap Max Capacity: 16G
 Pre-touch: Disabled
 Parallel Workers: 15
Heap:
 PSYoungGen      total 181248K, used 46371K [0x00000006aab00000, 0x00000006bb480000, 0x0000000800000000)
  eden space 180224K, 25% used [0x00000006aab00000,0x00000006ad74c950,0x00000006b5b00000)
  from space 1024K, 98% used [0x00000006bb380000,0x00000006bb47c3c0,0x00000006bb480000)
  to   space 12800K, 0% used [0x00000006b9b80000,0x00000006b9b80000,0x00000006ba800000)
 ParOldGen       total 829440K, used 134726K [0x0000000400000000, 0x0000000432a00000, 0x00000006aab00000)
  object space 829440K, 16% used [0x0000000400000000,0x0000000408391860,0x0000000432a00000)
 Metaspace       used 68044K, committed 69376K, reserved 1114112K
  class space    used 7395K, committed 8000K, reserved 1048576K
GC Heap History (20 events):
Event: 33.203 GC heap before
{Heap before GC invocations=100 (full 2):
 PSYoungGen      total 268800K, used 268424K [0x00000006aab00000, 0x00000006bd680000, 0x0000000800000000)
  eden space 256512K, 100% used [0x00000006aab00000,0x00000006ba580000,0x00000006ba580000)
  from space 12288K, 96% used [0x00000006bbd00000,0x00000006bc8a2148,0x00000006bc900000)
  to   space 13312K, 0% used [0x00000006bc980000,0x00000006bc980000,0x00000006bd680000)
 ParOldGen       total 829440K, used 49495K [0x0000000400000000, 0x0000000432a00000, 0x00000006aab00000)
  object space 829440K, 5% used [0x0000000400000000,0x0000000403055d50,0x0000000432a00000)
 Metaspace       used 54151K, committed 55360K, reserved 1114112K
  class space    used 5893K, committed 6400K, reserved 1048576K
}
Event: 33.219 GC heap after
{Heap after GC invocations=100 (full 2):
 PSYoungGen      total 258560K, used 13287K [0x00000006aab00000, 0x00000006bd680000, 0x0000000800000000)
  eden space 245248K, 0% used [0x00000006aab00000,0x00000006aab00000,0x00000006b9a80000)
  from space 13312K, 99% used [0x00000006bc980000,0x00000006bd679e50,0x00000006bd680000)
  to   space 29184K, 0% used [0x00000006b9d80000,0x00000006b9d80000,0x00000006bba00000)
 ParOldGen       total 829440K, used 62464K [0x0000000400000000, 0x0000000432a00000, 0x00000006aab00000)
  object space 829440K, 7% used [0x0000000400000000,0x0000000403d002f8,0x0000000432a00000)
 Metaspace       used 54151K, committed 55360K, reserved 1114112K
  class space    used 5893K, committed 6400K, reserved 1048576K
}
Event: 35.485 GC heap before
{Heap before GC invocations=101 (full 2):
 PSYoungGen      total 258560K, used 258535K [0x00000006aab00000, 0x00000006bd680000, 0x0000000800000000)
  eden space 245248K, 100% used [0x00000006aab00000,0x00000006b9a80000,0x00000006b9a80000)
  from space 13312K, 99% used [0x00000006bc980000,0x00000006bd679e50,0x00000006bd680000)
  to   space 29184K, 0% used [0x00000006b9d80000,0x00000006b9d80000,0x00000006bba00000)
 ParOldGen       total 829440K, used 62464K [0x0000000400000000, 0x0000000432a00000, 0x00000006aab00000)
  object space 829440K, 7% used [0x0000000400000000,0x0000000403d002f8,0x0000000432a00000)
 Metaspace       used 54405K, committed 55552K, reserved 1114112K
  class space    used 5920K, committed 6400K, reserved 1048576K
}
Event: 35.495 GC heap after
{Heap after GC invocations=101 (full 2):
 PSYoungGen      total 263680K, used 3225K [0x00000006aab00000, 0x00000006bca00000, 0x0000000800000000)
  eden space 234496K, 0% used [0x00000006aab00000,0x00000006aab00000,0x00000006b9000000)
  from space 29184K, 11% used [0x00000006b9d80000,0x00000006ba0a6560,0x00000006bba00000)
  to   space 11776K, 0% used [0x00000006bbe80000,0x00000006bbe80000,0x00000006bca00000)
 ParOldGen       total 829440K, used 74154K [0x0000000400000000, 0x0000000432a00000, 0x00000006aab00000)
  object space 829440K, 8% used [0x0000000400000000,0x000000040486ab40,0x0000000432a00000)
 Metaspace       used 54405K, committed 55552K, reserved 1114112K
  class space    used 5920K, committed 6400K, reserved 1048576K
}
Event: 36.297 GC heap before
{Heap before GC invocations=102 (full 2):
 PSYoungGen      total 263680K, used 118936K [0x00000006aab00000, 0x00000006bca00000, 0x0000000800000000)
  eden space 234496K, 49% used [0x00000006aab00000,0x00000006b1bffc18,0x00000006b9000000)
  from space 29184K, 11% used [0x00000006b9d80000,0x00000006ba0a6560,0x00000006bba00000)
  to   space 11776K, 0% used [0x00000006bbe80000,0x00000006bbe80000,0x00000006bca00000)
 ParOldGen       total 829440K, used 74154K [0x0000000400000000, 0x0000000432a00000, 0x00000006aab00000)
  object space 829440K, 8% used [0x0000000400000000,0x000000040486ab40,0x0000000432a00000)
 Metaspace       used 58577K, committed 59776K, reserved 1114112K
  class space    used 6388K, committed 6912K, reserved 1048576K
}
Event: 36.309 GC heap after
{Heap after GC invocations=102 (full 2):
 PSYoungGen      total 238592K, used 3684K [0x00000006aab00000, 0x00000006bc280000, 0x0000000800000000)
  eden space 234496K, 0% used [0x00000006aab00000,0x00000006aab00000,0x00000006b9000000)
  from space 4096K, 89% used [0x00000006bbe80000,0x00000006bc219378,0x00000006bc280000)
  to   space 5120K, 0% used [0x00000006bb880000,0x00000006bb880000,0x00000006bbd80000)
 ParOldGen       total 829440K, used 75283K [0x0000000400000000, 0x0000000432a00000, 0x00000006aab00000)
  object space 829440K, 9% used [0x0000000400000000,0x0000000404984f40,0x0000000432a00000)
 Metaspace       used 58577K, committed 59776K, reserved 1114112K
  class space    used 6388K, committed 6912K, reserved 1048576K
}
Event: 36.309 GC heap before
{Heap before GC invocations=103 (full 3):
 PSYoungGen      total 238592K, used 3684K [0x00000006aab00000, 0x00000006bc280000, 0x0000000800000000)
  eden space 234496K, 0% used [0x00000006aab00000,0x00000006aab00000,0x00000006b9000000)
  from space 4096K, 89% used [0x00000006bbe80000,0x00000006bc219378,0x00000006bc280000)
  to   space 5120K, 0% used [0x00000006bb880000,0x00000006bb880000,0x00000006bbd80000)
 ParOldGen       total 829440K, used 75283K [0x0000000400000000, 0x0000000432a00000, 0x00000006aab00000)
  object space 829440K, 9% used [0x0000000400000000,0x0000000404984f40,0x0000000432a00000)
 Metaspace       used 58577K, committed 59776K, reserved 1114112K
  class space    used 6388K, committed 6912K, reserved 1048576K
}
Event: 36.392 GC heap after
{Heap after GC invocations=103 (full 3):
 PSYoungGen      total 238592K, used 0K [0x00000006aab00000, 0x00000006bc280000, 0x0000000800000000)
  eden space 234496K, 0% used [0x00000006aab00000,0x00000006aab00000,0x00000006b9000000)
  from space 4096K, 0% used [0x00000006bbe80000,0x00000006bbe80000,0x00000006bc280000)
  to   space 5120K, 0% used [0x00000006bb880000,0x00000006bb880000,0x00000006bbd80000)
 ParOldGen       total 829440K, used 77361K [0x0000000400000000, 0x0000000432a00000, 0x00000006aab00000)
  object space 829440K, 9% used [0x0000000400000000,0x0000000404b8c770,0x0000000432a00000)
 Metaspace       used 58577K, committed 59776K, reserved 1114112K
  class space    used 6388K, committed 6912K, reserved 1048576K
}
Event: 38.401 GC heap before
{Heap before GC invocations=104 (full 3):
 PSYoungGen      total 238592K, used 234496K [0x00000006aab00000, 0x00000006bc280000, 0x0000000800000000)
  eden space 234496K, 100% used [0x00000006aab00000,0x00000006b9000000,0x00000006b9000000)
  from space 4096K, 0% used [0x00000006bbe80000,0x00000006bbe80000,0x00000006bc280000)
  to   space 5120K, 0% used [0x00000006bb880000,0x00000006bb880000,0x00000006bbd80000)
 ParOldGen       total 829440K, used 77361K [0x0000000400000000, 0x0000000432a00000, 0x00000006aab00000)
  object space 829440K, 9% used [0x0000000400000000,0x0000000404b8c770,0x0000000432a00000)
 Metaspace       used 61375K, committed 62656K, reserved 1114112K
  class space    used 6596K, committed 7168K, reserved 1048576K
}
Event: 38.418 GC heap after
{Heap after GC invocations=104 (full 3):
 PSYoungGen      total 229376K, used 5110K [0x00000006aab00000, 0x00000006bbf00000, 0x0000000800000000)
  eden space 224256K, 0% used [0x00000006aab00000,0x00000006aab00000,0x00000006b8600000)
  from space 5120K, 99% used [0x00000006bb880000,0x00000006bbd7da78,0x00000006bbd80000)
  to   space 1536K, 0% used [0x00000006bbd80000,0x00000006bbd80000,0x00000006bbf00000)
 ParOldGen       total 829440K, used 96393K [0x0000000400000000, 0x0000000432a00000, 0x00000006aab00000)
  object space 829440K, 11% used [0x0000000400000000,0x0000000405e226e0,0x0000000432a00000)
 Metaspace       used 61375K, committed 62656K, reserved 1114112K
  class space    used 6596K, committed 7168K, reserved 1048576K
}
Event: 40.516 GC heap before
{Heap before GC invocations=105 (full 3):
 PSYoungGen      total 229376K, used 229366K [0x00000006aab00000, 0x00000006bbf00000, 0x0000000800000000)
  eden space 224256K, 100% used [0x00000006aab00000,0x00000006b8600000,0x00000006b8600000)
  from space 5120K, 99% used [0x00000006bb880000,0x00000006bbd7da78,0x00000006bbd80000)
  to   space 1536K, 0% used [0x00000006bbd80000,0x00000006bbd80000,0x00000006bbf00000)
 ParOldGen       total 829440K, used 96393K [0x0000000400000000, 0x0000000432a00000, 0x00000006aab00000)
  object space 829440K, 11% used [0x0000000400000000,0x0000000405e226e0,0x0000000432a00000)
 Metaspace       used 61737K, committed 63168K, reserved 1114112K
  class space    used 6608K, committed 7232K, reserved 1048576K
}
Event: 40.532 GC heap after
{Heap after GC invocations=105 (full 3):
 PSYoungGen      total 216064K, used 1536K [0x00000006aab00000, 0x00000006bbf00000, 0x0000000800000000)
  eden space 214528K, 0% used [0x00000006aab00000,0x00000006aab00000,0x00000006b7c80000)
  from space 1536K, 100% used [0x00000006bbd80000,0x00000006bbf00000,0x00000006bbf00000)
  to   space 18944K, 0% used [0x00000006b9a00000,0x00000006b9a00000,0x00000006bac80000)
 ParOldGen       total 829440K, used 110325K [0x0000000400000000, 0x0000000432a00000, 0x00000006aab00000)
  object space 829440K, 13% used [0x0000000400000000,0x0000000406bbd770,0x0000000432a00000)
 Metaspace       used 61737K, committed 63168K, reserved 1114112K
  class space    used 6608K, committed 7232K, reserved 1048576K
}
Event: 42.159 GC heap before
{Heap before GC invocations=106 (full 3):
 PSYoungGen      total 216064K, used 216064K [0x00000006aab00000, 0x00000006bbf00000, 0x0000000800000000)
  eden space 214528K, 100% used [0x00000006aab00000,0x00000006b7c80000,0x00000006b7c80000)
  from space 1536K, 100% used [0x00000006bbd80000,0x00000006bbf00000,0x00000006bbf00000)
  to   space 18944K, 0% used [0x00000006b9a00000,0x00000006b9a00000,0x00000006bac80000)
 ParOldGen       total 829440K, used 110325K [0x0000000400000000, 0x0000000432a00000, 0x00000006aab00000)
  object space 829440K, 13% used [0x0000000400000000,0x0000000406bbd770,0x0000000432a00000)
 Metaspace       used 61890K, committed 63296K, reserved 1114112K
  class space    used 6609K, committed 7232K, reserved 1048576K
}
Event: 42.172 GC heap after
{Heap after GC invocations=106 (full 3):
 PSYoungGen      total 224256K, used 6123K [0x00000006aab00000, 0x00000006bbe00000, 0x0000000800000000)
  eden space 205312K, 0% used [0x00000006aab00000,0x00000006aab00000,0x00000006b7380000)
  from space 18944K, 32% used [0x00000006b9a00000,0x00000006b9ffae68,0x00000006bac80000)
  to   space 10240K, 0% used [0x00000006bb400000,0x00000006bb400000,0x00000006bbe00000)
 ParOldGen       total 829440K, used 111907K [0x0000000400000000, 0x0000000432a00000, 0x00000006aab00000)
  object space 829440K, 13% used [0x0000000400000000,0x0000000406d48ff0,0x0000000432a00000)
 Metaspace       used 61890K, committed 63296K, reserved 1114112K
  class space    used 6609K, committed 7232K, reserved 1048576K
}
Event: 43.636 GC heap before
{Heap before GC invocations=107 (full 3):
 PSYoungGen      total 224256K, used 211435K [0x00000006aab00000, 0x00000006bbe00000, 0x0000000800000000)
  eden space 205312K, 100% used [0x00000006aab00000,0x00000006b7380000,0x00000006b7380000)
  from space 18944K, 32% used [0x00000006b9a00000,0x00000006b9ffae68,0x00000006bac80000)
  to   space 10240K, 0% used [0x00000006bb400000,0x00000006bb400000,0x00000006bbe00000)
 ParOldGen       total 829440K, used 111907K [0x0000000400000000, 0x0000000432a00000, 0x00000006aab00000)
  object space 829440K, 13% used [0x0000000400000000,0x0000000406d48ff0,0x0000000432a00000)
 Metaspace       used 61925K, committed 63296K, reserved 1114112K
  class space    used 6611K, committed 7232K, reserved 1048576K
}
Event: 43.646 GC heap after
{Heap after GC invocations=107 (full 3):
 PSYoungGen      total 203264K, used 6286K [0x00000006aab00000, 0x00000006bba80000, 0x0000000800000000)
  eden space 196608K, 0% used [0x00000006aab00000,0x00000006aab00000,0x00000006b6b00000)
  from space 6656K, 94% used [0x00000006bb400000,0x00000006bba23bd8,0x00000006bba80000)
  to   space 7168K, 0% used [0x00000006bac80000,0x00000006bac80000,0x00000006bb380000)
 ParOldGen       total 829440K, used 117000K [0x0000000400000000, 0x0000000432a00000, 0x00000006aab00000)
  object space 829440K, 14% used [0x0000000400000000,0x0000000407242288,0x0000000432a00000)
 Metaspace       used 61925K, committed 63296K, reserved 1114112K
  class space    used 6611K, committed 7232K, reserved 1048576K
}
Event: 44.487 GC heap before
{Heap before GC invocations=108 (full 3):
 PSYoungGen      total 203264K, used 202894K [0x00000006aab00000, 0x00000006bba80000, 0x0000000800000000)
  eden space 196608K, 100% used [0x00000006aab00000,0x00000006b6b00000,0x00000006b6b00000)
  from space 6656K, 94% used [0x00000006bb400000,0x00000006bba23bd8,0x00000006bba80000)
  to   space 7168K, 0% used [0x00000006bac80000,0x00000006bac80000,0x00000006bb380000)
 ParOldGen       total 829440K, used 117000K [0x0000000400000000, 0x0000000432a00000, 0x00000006aab00000)
  object space 829440K, 14% used [0x0000000400000000,0x0000000407242288,0x0000000432a00000)
 Metaspace       used 61933K, committed 63296K, reserved 1114112K
  class space    used 6611K, committed 7232K, reserved 1048576K
}
Event: 44.500 GC heap after
{Heap after GC invocations=108 (full 3):
 PSYoungGen      total 195584K, used 7156K [0x00000006aab00000, 0x00000006bb480000, 0x0000000800000000)
  eden space 188416K, 0% used [0x00000006aab00000,0x00000006aab00000,0x00000006b6300000)
  from space 7168K, 99% used [0x00000006bac80000,0x00000006bb37d298,0x00000006bb380000)
  to   space 1024K, 0% used [0x00000006bb380000,0x00000006bb380000,0x00000006bb480000)
 ParOldGen       total 829440K, used 123324K [0x0000000400000000, 0x0000000432a00000, 0x00000006aab00000)
  object space 829440K, 14% used [0x0000000400000000,0x000000040786f398,0x0000000432a00000)
 Metaspace       used 61933K, committed 63296K, reserved 1114112K
  class space    used 6611K, committed 7232K, reserved 1048576K
}
Event: 750.135 GC heap before
{Heap before GC invocations=109 (full 3):
 PSYoungGen      total 195584K, used 195572K [0x00000006aab00000, 0x00000006bb480000, 0x0000000800000000)
  eden space 188416K, 100% used [0x00000006aab00000,0x00000006b6300000,0x00000006b6300000)
  from space 7168K, 99% used [0x00000006bac80000,0x00000006bb37d298,0x00000006bb380000)
  to   space 1024K, 0% used [0x00000006bb380000,0x00000006bb380000,0x00000006bb480000)
 ParOldGen       total 829440K, used 123324K [0x0000000400000000, 0x0000000432a00000, 0x00000006aab00000)
  object space 829440K, 14% used [0x0000000400000000,0x000000040786f398,0x0000000432a00000)
 Metaspace       used 67434K, committed 68864K, reserved 1114112K
  class space    used 7367K, committed 8000K, reserved 1048576K
}
Event: 750.241 GC heap after
{Heap after GC invocations=109 (full 3):
 PSYoungGen      total 181248K, used 1008K [0x00000006aab00000, 0x00000006bb480000, 0x0000000800000000)
  eden space 180224K, 0% used [0x00000006aab00000,0x00000006aab00000,0x00000006b5b00000)
  from space 1024K, 98% used [0x00000006bb380000,0x00000006bb47c3c0,0x00000006bb480000)
  to   space 12800K, 0% used [0x00000006b9b80000,0x00000006b9b80000,0x00000006ba800000)
 ParOldGen       total 829440K, used 134726K [0x0000000400000000, 0x0000000432a00000, 0x00000006aab00000)
  object space 829440K, 16% used [0x0000000400000000,0x0000000408391860,0x0000000432a00000)
 Metaspace       used 67434K, committed 68864K, reserved 1114112K
  class space    used 7367K, committed 8000K, reserved 1048576K
}

